<?xml version="1.0" encoding="UTF-8"?>
<!-- Generated by org.testng.reporters.JUnitReportReporter -->
<testsuite hostname="DESKTOP-UE7EB16" failures="0" tests="1" name="tests.GetAndPostExamples" time="6.515" errors="0" timestamp="2022-01-15T23:44:51 IST" skipped="0">
  <testcase classname="tests.GetAndPostExamples" name="testPost" time="6.515"/>
  <system-out/>
</testsuite> <!-- tests.GetAndPostExamples -->
