<?xml version="1.0" encoding="UTF-8"?>
<!-- Generated by org.testng.reporters.JUnitReportReporter -->
<testsuite hostname="DESKTOP-UE7EB16" failures="0" tests="1" name="tests.XMLSchemaValidation" time="3.332" errors="0" timestamp="2022-01-16T12:47:43 IST" skipped="0">
  <testcase classname="tests.XMLSchemaValidation" name="schemaValidation" time="3.332"/>
  <system-out/>
</testsuite> <!-- tests.XMLSchemaValidation -->
