<?xml version="1.0" encoding="UTF-8"?>
<!-- Generated by org.testng.reporters.JUnitReportReporter -->
<testsuite hostname="DESKTOP-UE7EB16" failures="0" tests="1" name="tests.SoapXMLRequest" time="4.392" errors="0" timestamp="2022-01-16T12:18:09 IST" skipped="0">
  <testcase classname="tests.SoapXMLRequest" name="validateSoapXML" time="4.392"/>
  <system-out/>
</testsuite> <!-- tests.SoapXMLRequest -->
