<?xml version="1.0" encoding="UTF-8"?>
<!-- Generated by org.testng.reporters.JUnitReportReporter -->
<testsuite hostname="DESKTOP-UE7EB16" failures="0" tests="1" name="tests.TestsOnLocalAPI" time="1.586" errors="0" timestamp="2022-01-16T09:30:14 IST" skipped="0">
  <testcase classname="tests.TestsOnLocalAPI" name="delete" time="1.586"/>
  <system-out/>
</testsuite> <!-- tests.TestsOnLocalAPI -->
