<?xml version="1.0" encoding="UTF-8"?>
<!-- Generated by org.testng.reporters.JUnitReportReporter -->
<testsuite hostname="DESKTOP-UE7EB16" failures="0" tests="2" name="tests.TestsExamples" time="14.055" errors="0" timestamp="2022-01-15T22:55:12 IST" skipped="0">
  <testcase classname="tests.TestsExamples" name="test_1" time="11.616"/>
  <system-out/>
  <testcase classname="tests.TestsExamples" name="test_2" time="2.439"/>
  <system-out/>
</testsuite> <!-- tests.TestsExamples -->
